<?xml version="1.0" encoding="UTF-8"?>
<!--

    Copyright 2013 Unicon (R) Licensed under the
    Educational Community License, Version 2.0 (the "License"); you may
    not use this file except in compliance with the License. You may
    obtain a copy of the License at

    http://www.osedu.org/licenses/ECL-2.0

    Unless required by applicable law or agreed to in writing,
    software distributed under the License is distributed on an "AS IS"
    BASIS, WITHOUT WARRANTIES OR CONDITIONS OF ANY KIND, either express
    or implied. See the License for the specific language governing
    permissions and limitations under the License.

-->
<beans xmlns="http://www.springframework.org/schema/beans" xmlns:xsi="http://www.w3.org/2001/XMLSchema-instance"
       xmlns:jdbc="http://www.springframework.org/schema/jdbc"
       xmlns:tx="http://www.springframework.org/schema/tx"
       xsi:schemaLocation="http://www.springframework.org/schema/beans http://www.springframework.org/schema/beans/spring-beans-3.2.xsd
    http://www.springframework.org/schema/jdbc http://www.springframework.org/schema/jdbc/spring-jdbc-3.2.xsd
    http://www.springframework.org/schema/tx http://www.springframework.org/schema/tx/spring-tx-3.2.xsd"
       default-autowire="byName">

  <!-- Scans within the base package of the application for @Components to configure as beans -->
  <bean id="placeholderConfig" class="org.springframework.beans.factory.config.PropertyPlaceholderConfigurer">
    <property name="location" value="classpath:test-db.properties" />
  </bean>

  <bean id="h2WebServer" class="org.h2.tools.Server" factory-method="createWebServer" init-method="start" destroy-method="stop">
    <constructor-arg value="-web,-webAllowOthers,-webPort,8082"/>
  </bean>

  <bean id="tempDataSource" class="org.apache.commons.dbcp.BasicDataSource" depends-on="h2WebServer">
    <property name="driverClassName" value="${db.driver}" />
    <property name="url" value="${db.url}" />
    <property name="username" value="${db.username}" />
    <property name="password" value="${db.password}" />
  </bean>

  <jdbc:initialize-database data-source="tempDataSource" ignore-failures="DROPS">
    <jdbc:script location="classpath:db/schema-drop.sql"/>
    <jdbc:script location="classpath:db/schema.sql"/>
  </jdbc:initialize-database>

  <bean id="tempTransactionManager"
        class="org.springframework.jdbc.datasource.DataSourceTransactionManager">
    <property name="dataSource" ref="tempDataSource" />
  </bean>

  <bean id="persistentDataSource" class="org.springframework.jdbc.datasource.DriverManagerDataSource">
    <property name="driverClassName" value="${edb.driver}" />
    <property name="url" value="${edb.url}" />
    <property name="username" value="${edb.username}" />
    <property name="password" value="${edb.password}" />
  </bean>


  <bean id="entityManagerFactory" class="org.springframework.orm.jpa.LocalContainerEntityManagerFactoryBean">
      <property name="dataSource" ref="persistentDataSource" />
      <property name="packagesToScan" value="org.apereo.lap.dao.model"/>
      <property name="jpaVendorAdapter">
         <bean class="org.springframework.orm.jpa.vendor.HibernateJpaVendorAdapter" />
      </property>
  </bean>
  
 	<jdbc:initialize-database data-source="persistentDataSource" ignore-failures="DROPS">
    	<jdbc:script location="classpath:db/schema-persistance.sql"/>
  	</jdbc:initialize-database>
  
  
  <bean id="transactionManager"
        class="org.springframework.orm.jpa.JpaTransactionManager">
    <property name="dataSource" ref="persistentDataSource" />
  </bean>

  <tx:annotation-driven />

  <bean class="org.springframework.orm.jpa.support.PersistenceAnnotationBeanPostProcessor" />

</beans>
